<?xml version="1.0" encoding="UTF-8"?>
<coverage generated="1750204038801" clover="3.2.0">
  <project timestamp="1750204038801" name="All files">
    <metrics statements="9" coveredstatements="9" conditionals="0" coveredconditionals="0" methods="9" coveredmethods="9" elements="18" coveredelements="18" complexity="0" loc="9" ncloc="9" packages="1" files="1" classes="1"/>
    <file name="diseaseFilter.ts" path="/Users/maxhoustonramirezmartel/code/personales/nest-js/only-typescript/src/core/diseaseFilter.ts">
      <metrics statements="9" coveredstatements="9" conditionals="0" coveredconditionals="0" methods="9" coveredmethods="9"/>
      <line num="24" count="1" type="stmt"/>
      <line num="25" count="1" type="stmt"/>
      <line num="26" count="1" type="stmt"/>
      <line num="29" count="1" type="stmt"/>
      <line num="33" count="2" type="stmt"/>
      <line num="37" count="6" type="stmt"/>
      <line num="38" count="16" type="stmt"/>
      <line num="39" count="2" type="stmt"/>
      <line num="40" count="1" type="stmt"/>
    </file>
  </project>
</coverage>
