{"/Users/maxhoustonramirezmartel/code/personales/nest-js/only-typescript/src/camelCase.ts": {"path":"/Users/maxhoustonramirezmartel/code/personales/nest-js/only-typescript/src/camelCase.ts","statementMap":{"0":{"start":{"line":1,"column":0},"end":{"line":1,"column":17}},"1":{"start":{"line":2,"column":4},"end":{"line":4,"column":5}},"2":{"start":{"line":3,"column":8},"end":{"line":3,"column":18}},"3":{"start":{"line":6,"column":4},"end":{"line":6,"column":98}},"4":{"start":{"line":6,"column":43},"end":{"line":6,"column":87}}},"fnMap":{"0":{"name":"camelCase","decl":{"start":{"line":1,"column":17},"end":{"line":1,"column":26}},"loc":{"start":{"line":1,"column":38},"end":{"line":7,"column":1}}},"1":{"name":"(anonymous_1)","decl":{"start":{"line":6,"column":34},"end":{"line":6,"column":35}},"loc":{"start":{"line":6,"column":43},"end":{"line":6,"column":87}}}},"branchMap":{"0":{"loc":{"start":{"line":2,"column":4},"end":{"line":4,"column":5}},"type":"if","locations":[{"start":{"line":2,"column":4},"end":{"line":4,"column":5}},{"start":{},"end":{}}]}},"s":{"0":1,"1":6,"2":1,"3":5,"4":8},"f":{"0":6,"1":8},"b":{"0":[1,5]}}
}
