{"/Users/maxhoustonramirezmartel/code/personales/nest-js/only-typescript/src/core/diseaseFilter.ts": {"path":"/Users/maxhoustonramirezmartel/code/personales/nest-js/only-typescript/src/core/diseaseFilter.ts","statementMap":{"0":{"start":{"line":25,"column":32},"end":{"line":25,"column":34}},"1":{"start":{"line":26,"column":33},"end":{"line":26,"column":46}},"2":{"start":{"line":26,"column":65},"end":{"line":26,"column":87}},"3":{"start":{"line":29,"column":8},"end":{"line":29,"column":51}},"4":{"start":{"line":33,"column":8},"end":{"line":33,"column":36}},"5":{"start":{"line":37,"column":45},"end":{"line":37,"column":111}},"6":{"start":{"line":37,"column":63},"end":{"line":37,"column":111}},"7":{"start":{"line":37,"column":88},"end":{"line":37,"column":110}},"8":{"start":{"line":38,"column":36},"end":{"line":38,"column":111}},"9":{"start":{"line":38,"column":58},"end":{"line":38,"column":111}},"10":{"start":{"line":38,"column":87},"end":{"line":38,"column":110}},"11":{"start":{"line":39,"column":35},"end":{"line":39,"column":110}},"12":{"start":{"line":39,"column":50},"end":{"line":39,"column":110}},"13":{"start":{"line":40,"column":8},"end":{"line":40,"column":56}},"14":{"start":{"line":24,"column":0},"end":{"line":24,"column":13}}},"fnMap":{"0":{"name":"(anonymous_0)","decl":{"start":{"line":26,"column":4},"end":{"line":26,"column":33}},"loc":{"start":{"line":26,"column":87},"end":{"line":26,"column":91}}},"1":{"name":"(anonymous_1)","decl":{"start":{"line":28,"column":4},"end":{"line":28,"column":10}},"loc":{"start":{"line":28,"column":55},"end":{"line":30,"column":5}}},"2":{"name":"(anonymous_2)","decl":{"start":{"line":32,"column":4},"end":{"line":32,"column":13}},"loc":{"start":{"line":32,"column":30},"end":{"line":34,"column":5}}},"3":{"name":"(anonymous_3)","decl":{"start":{"line":36,"column":4},"end":{"line":36,"column":8}},"loc":{"start":{"line":36,"column":21},"end":{"line":41,"column":5}}},"4":{"name":"(anonymous_4)","decl":{"start":{"line":37,"column":45},"end":{"line":37,"column":46}},"loc":{"start":{"line":37,"column":63},"end":{"line":37,"column":111}}},"5":{"name":"(anonymous_5)","decl":{"start":{"line":37,"column":81},"end":{"line":37,"column":82}},"loc":{"start":{"line":37,"column":88},"end":{"line":37,"column":110}}},"6":{"name":"(anonymous_6)","decl":{"start":{"line":38,"column":36},"end":{"line":38,"column":37}},"loc":{"start":{"line":38,"column":58},"end":{"line":38,"column":111}}},"7":{"name":"(anonymous_7)","decl":{"start":{"line":38,"column":80},"end":{"line":38,"column":81}},"loc":{"start":{"line":38,"column":87},"end":{"line":38,"column":110}}},"8":{"name":"(anonymous_8)","decl":{"start":{"line":39,"column":35},"end":{"line":39,"column":36}},"loc":{"start":{"line":39,"column":50},"end":{"line":39,"column":110}}}},"branchMap":{},"s":{"0":1,"1":1,"2":1,"3":1,"4":2,"5":1,"6":2,"7":6,"8":1,"9":2,"10":16,"11":1,"12":2,"13":1,"14":1},"f":{"0":1,"1":1,"2":2,"3":1,"4":2,"5":6,"6":2,"7":16,"8":2},"b":{}}
}
