TN:
SF:src/core/diseaseFilter.ts
FN:26,(anonymous_0)
FN:28,(anonymous_1)
FN:32,(anonymous_2)
FN:36,(anonymous_3)
FN:37,(anonymous_4)
FN:37,(anonymous_5)
FN:38,(anonymous_6)
FN:38,(anonymous_7)
FN:39,(anonymous_8)
FNF:9
FNH:9
FNDA:1,(anonymous_0)
FNDA:1,(anonymous_1)
FNDA:2,(anonymous_2)
FNDA:1,(anonymous_3)
FNDA:2,(anonymous_4)
FNDA:6,(anonymous_5)
FNDA:2,(anonymous_6)
FNDA:6,(anonymous_7)
FNDA:2,(anonymous_8)
DA:24,1
DA:25,1
DA:26,1
DA:29,1
DA:33,2
DA:37,6
DA:38,6
DA:39,2
DA:40,1
LF:9
LH:9
BRF:0
BRH:0
end_of_record
